{"/Users/darshanaswathappa/Desktop/usage-monitor/tokensense/src/components/CodexPanel.tsx": {"path":"/Users/darshanaswathappa/Desktop/usage-monitor/tokensense/src/components/CodexPanel.tsx","statementMap":{"0":{"start":{"line":8,"column":24},"end":{"line":8,"column":null}},"1":{"start":{"line":9,"column":8},"end":{"line":9,"column":null}},"2":{"start":{"line":11,"column":2},"end":{"line":29,"column":null}},"3":{"start":{"line":12,"column":4},"end":{"line":15,"column":null}},"4":{"start":{"line":13,"column":6},"end":{"line":13,"column":null}},"5":{"start":{"line":14,"column":6},"end":{"line":14,"column":null}},"6":{"start":{"line":17,"column":4},"end":{"line":17,"column":null}},"7":{"start":{"line":18,"column":18},"end":{"line":18,"column":null}},"8":{"start":{"line":20,"column":17},"end":{"line":25,"column":null}},"9":{"start":{"line":21,"column":16},"end":{"line":21,"column":null}},"10":{"start":{"line":22,"column":20},"end":{"line":22,"column":null}},"11":{"start":{"line":23,"column":6},"end":{"line":23,"column":null}},"12":{"start":{"line":24,"column":6},"end":{"line":24,"column":null}},"13":{"start":{"line":24,"column":17},"end":{"line":24,"column":null}},"14":{"start":{"line":27,"column":4},"end":{"line":27,"column":null}},"15":{"start":{"line":28,"column":4},"end":{"line":28,"column":null}},"16":{"start":{"line":28,"column":17},"end":{"line":28,"column":null}},"17":{"start":{"line":31,"column":2},"end":{"line":31,"column":null}},"18":{"start":{"line":35,"column":16},"end":{"line":35,"column":null}},"19":{"start":{"line":36,"column":2},"end":{"line":42,"column":null}},"20":{"start":{"line":49,"column":24},"end":{"line":49,"column":null}},"21":{"start":{"line":50,"column":28},"end":{"line":50,"column":null}},"22":{"start":{"line":51,"column":24},"end":{"line":51,"column":null}},"23":{"start":{"line":53,"column":8},"end":{"line":73,"column":null}},"24":{"start":{"line":54,"column":4},"end":{"line":54,"column":null}},"25":{"start":{"line":55,"column":4},"end":{"line":55,"column":null}},"26":{"start":{"line":57,"column":4},"end":{"line":72,"column":null}},"27":{"start":{"line":58,"column":21},"end":{"line":58,"column":null}},"28":{"start":{"line":60,"column":6},"end":{"line":68,"column":null}},"29":{"start":{"line":61,"column":8},"end":{"line":61,"column":null}},"30":{"start":{"line":62,"column":8},"end":{"line":62,"column":null}},"31":{"start":{"line":63,"column":6},"end":{"line":68,"column":null}},"32":{"start":{"line":64,"column":8},"end":{"line":64,"column":null}},"33":{"start":{"line":65,"column":8},"end":{"line":65,"column":null}},"34":{"start":{"line":67,"column":8},"end":{"line":67,"column":null}},"35":{"start":{"line":70,"column":6},"end":{"line":70,"column":null}},"36":{"start":{"line":71,"column":6},"end":{"line":71,"column":null}},"37":{"start":{"line":75,"column":2},"end":{"line":77,"column":null}},"38":{"start":{"line":76,"column":4},"end":{"line":76,"column":null}},"39":{"start":{"line":79,"column":2},"end":{"line":85,"column":null}},"40":{"start":{"line":80,"column":4},"end":{"line":83,"column":null}},"41":{"start":{"line":87,"column":2},"end":{"line":96,"column":null}},"42":{"start":{"line":88,"column":4},"end":{"line":94,"column":null}},"43":{"start":{"line":98,"column":2},"end":{"line":107,"column":null}},"44":{"start":{"line":99,"column":4},"end":{"line":105,"column":null}},"45":{"start":{"line":110,"column":2},"end":{"line":110,"column":null}},"46":{"start":{"line":110,"column":16},"end":{"line":110,"column":null}},"47":{"start":{"line":112,"column":2},"end":{"line":159,"column":null}}},"fnMap":{"0":{"name":"useCountUp","decl":{"start":{"line":7,"column":9},"end":{"line":7,"column":20}},"loc":{"start":{"line":7,"column":60},"end":{"line":32,"column":null}},"line":7},"1":{"name":"(anonymous_1)","decl":{"start":{"line":11,"column":12},"end":{"line":11,"column":18}},"loc":{"start":{"line":11,"column":18},"end":{"line":29,"column":5}},"line":11},"2":{"name":"(anonymous_2)","decl":{"start":{"line":20,"column":17},"end":{"line":20,"column":18}},"loc":{"start":{"line":20,"column":34},"end":{"line":25,"column":null}},"line":20},"3":{"name":"(anonymous_3)","decl":{"start":{"line":28,"column":11},"end":{"line":28,"column":17}},"loc":{"start":{"line":28,"column":17},"end":{"line":28,"column":null}},"line":28},"4":{"name":"StatValue","decl":{"start":{"line":34,"column":9},"end":{"line":34,"column":19}},"loc":{"start":{"line":34,"column":63},"end":{"line":44,"column":null}},"line":34},"5":{"name":"CodexPanel","decl":{"start":{"line":48,"column":16},"end":{"line":48,"column":29}},"loc":{"start":{"line":48,"column":29},"end":{"line":161,"column":null}},"line":48},"6":{"name":"(anonymous_6)","decl":{"start":{"line":53,"column":34},"end":{"line":53,"column":46}},"loc":{"start":{"line":53,"column":46},"end":{"line":73,"column":5}},"line":53},"7":{"name":"(anonymous_7)","decl":{"start":{"line":75,"column":12},"end":{"line":75,"column":18}},"loc":{"start":{"line":75,"column":18},"end":{"line":77,"column":5}},"line":75}},"branchMap":{"0":{"loc":{"start":{"line":7,"column":36},"end":{"line":7,"column":60}},"type":"default-arg","locations":[{"start":{"line":7,"column":47},"end":{"line":7,"column":60}}],"line":7},"1":{"loc":{"start":{"line":12,"column":4},"end":{"line":15,"column":null}},"type":"if","locations":[{"start":{"line":12,"column":4},"end":{"line":15,"column":null}},{"start":{},"end":{}}],"line":12},"2":{"loc":{"start":{"line":24,"column":6},"end":{"line":24,"column":null}},"type":"if","locations":[{"start":{"line":24,"column":6},"end":{"line":24,"column":null}},{"start":{},"end":{}}],"line":24},"3":{"loc":{"start":{"line":60,"column":6},"end":{"line":68,"column":null}},"type":"if","locations":[{"start":{"line":60,"column":6},"end":{"line":68,"column":null}},{"start":{"line":63,"column":6},"end":{"line":68,"column":null}}],"line":60},"4":{"loc":{"start":{"line":63,"column":6},"end":{"line":68,"column":null}},"type":"if","locations":[{"start":{"line":63,"column":6},"end":{"line":68,"column":null}},{"start":{"line":66,"column":13},"end":{"line":68,"column":null}}],"line":63},"5":{"loc":{"start":{"line":71,"column":15},"end":{"line":71,"column":63}},"type":"cond-expr","locations":[{"start":{"line":71,"column":38},"end":{"line":71,"column":52}},{"start":{"line":71,"column":52},"end":{"line":71,"column":63}}],"line":71},"6":{"loc":{"start":{"line":79,"column":2},"end":{"line":85,"column":null}},"type":"if","locations":[{"start":{"line":79,"column":2},"end":{"line":85,"column":null}},{"start":{},"end":{}}],"line":79},"7":{"loc":{"start":{"line":87,"column":2},"end":{"line":96,"column":null}},"type":"if","locations":[{"start":{"line":87,"column":2},"end":{"line":96,"column":null}},{"start":{},"end":{}}],"line":87},"8":{"loc":{"start":{"line":98,"column":2},"end":{"line":107,"column":null}},"type":"if","locations":[{"start":{"line":98,"column":2},"end":{"line":107,"column":null}},{"start":{},"end":{}}],"line":98},"9":{"loc":{"start":{"line":110,"column":2},"end":{"line":110,"column":null}},"type":"if","locations":[{"start":{"line":110,"column":2},"end":{"line":110,"column":null}},{"start":{},"end":{}}],"line":110},"10":{"loc":{"start":{"line":116,"column":25},"end":{"line":116,"column":null}},"type":"cond-expr","locations":[{"start":{"line":116,"column":45},"end":{"line":116,"column":78}},{"start":{"line":116,"column":78},"end":{"line":116,"column":null}}],"line":116},"11":{"loc":{"start":{"line":119,"column":9},"end":{"line":124,"column":null}},"type":"binary-expr","locations":[{"start":{"line":119,"column":9},"end":{"line":119,"column":null}},{"start":{"line":120,"column":10},"end":{"line":124,"column":null}}],"line":119},"12":{"loc":{"start":{"line":144,"column":11},"end":{"line":148,"column":null}},"type":"binary-expr","locations":[{"start":{"line":144,"column":11},"end":{"line":144,"column":null}},{"start":{"line":145,"column":12},"end":{"line":148,"column":null}}],"line":144}},"s":{"0":429,"1":429,"2":429,"3":16,"4":0,"5":0,"6":16,"7":16,"8":16,"9":452,"10":452,"11":452,"12":452,"13":448,"14":16,"15":16,"16":16,"17":429,"18":429,"19":429,"20":16,"21":16,"22":16,"23":16,"24":9,"25":9,"26":9,"27":9,"28":7,"29":1,"30":1,"31":6,"32":5,"33":5,"34":1,"35":1,"36":1,"37":16,"38":8,"39":16,"40":9,"41":7,"42":1,"43":6,"44":2,"45":4,"46":0,"47":4},"f":{"0":429,"1":16,"2":452,"3":16,"4":429,"5":16,"6":9,"7":8},"b":{"0":[429],"1":[0,16],"2":[448,4],"3":[1,6],"4":[5,1],"5":[1,0],"6":[9,7],"7":[1,6],"8":[2,4],"9":[0,4],"10":[4,0],"11":[16,4],"12":[16,0]},"meta":{"lastBranch":13,"lastFunction":8,"lastStatement":48,"seen":{"f:7:9:7:20":0,"b:7:47:7:60":0,"s:8:24:8:Infinity":0,"s:9:8:9:Infinity":1,"s:11:2:29:Infinity":2,"f:11:12:11:18":1,"b:12:4:15:Infinity:undefined:undefined:undefined:undefined":1,"s:12:4:15:Infinity":3,"s:13:6:13:Infinity":4,"s:14:6:14:Infinity":5,"s:17:4:17:Infinity":6,"s:18:18:18:Infinity":7,"s:20:17:25:Infinity":8,"f:20:17:20:18":2,"s:21:16:21:Infinity":9,"s:22:20:22:Infinity":10,"s:23:6:23:Infinity":11,"b:24:6:24:Infinity:undefined:undefined:undefined:undefined":2,"s:24:6:24:Infinity":12,"s:24:17:24:Infinity":13,"s:27:4:27:Infinity":14,"s:28:4:28:Infinity":15,"f:28:11:28:17":3,"s:28:17:28:Infinity":16,"s:31:2:31:Infinity":17,"f:34:9:34:19":4,"s:35:16:35:Infinity":18,"s:36:2:42:Infinity":19,"f:48:16:48:29":5,"s:49:24:49:Infinity":20,"s:50:28:50:Infinity":21,"s:51:24:51:Infinity":22,"s:53:8:73:Infinity":23,"f:53:34:53:46":6,"s:54:4:54:Infinity":24,"s:55:4:55:Infinity":25,"s:57:4:72:Infinity":26,"s:58:21:58:Infinity":27,"b:60:6:68:Infinity:63:6:68:Infinity":3,"s:60:6:68:Infinity":28,"s:61:8:61:Infinity":29,"s:62:8:62:Infinity":30,"b:63:6:68:Infinity:66:13:68:Infinity":4,"s:63:6:68:Infinity":31,"s:64:8:64:Infinity":32,"s:65:8:65:Infinity":33,"s:67:8:67:Infinity":34,"s:70:6:70:Infinity":35,"s:71:6:71:Infinity":36,"b:71:38:71:52:71:52:71:63":5,"s:75:2:77:Infinity":37,"f:75:12:75:18":7,"s:76:4:76:Infinity":38,"b:79:2:85:Infinity:undefined:undefined:undefined:undefined":6,"s:79:2:85:Infinity":39,"s:80:4:83:Infinity":40,"b:87:2:96:Infinity:undefined:undefined:undefined:undefined":7,"s:87:2:96:Infinity":41,"s:88:4:94:Infinity":42,"b:98:2:107:Infinity:undefined:undefined:undefined:undefined":8,"s:98:2:107:Infinity":43,"s:99:4:105:Infinity":44,"b:110:2:110:Infinity:undefined:undefined:undefined:undefined":9,"s:110:2:110:Infinity":45,"s:110:16:110:Infinity":46,"s:112:2:159:Infinity":47,"b:116:45:116:78:116:78:116:Infinity":10,"b:119:9:119:Infinity:120:10:124:Infinity":11,"b:144:11:144:Infinity:145:12:148:Infinity":12}}}
,"/Users/darshanaswathappa/Desktop/usage-monitor/tokensense/src/components/LoginPrompt.tsx": {"path":"/Users/darshanaswathappa/Desktop/usage-monitor/tokensense/src/components/LoginPrompt.tsx","statementMap":{"0":{"start":{"line":10,"column":2},"end":{"line":19,"column":null}},"1":{"start":{"line":24,"column":32},"end":{"line":24,"column":null}},"2":{"start":{"line":26,"column":22},"end":{"line":31,"column":null}},"3":{"start":{"line":27,"column":4},"end":{"line":30,"column":null}},"4":{"start":{"line":28,"column":6},"end":{"line":28,"column":null}},"5":{"start":{"line":29,"column":6},"end":{"line":29,"column":null}},"6":{"start":{"line":29,"column":70},"end":{"line":29,"column":89}},"7":{"start":{"line":33,"column":2},"end":{"line":48,"column":null}},"8":{"start":{"line":34,"column":4},"end":{"line":46,"column":null}},"9":{"start":{"line":39,"column":12},"end":{"line":42,"column":null}},"10":{"start":{"line":50,"column":2},"end":{"line":68,"column":null}}},"fnMap":{"0":{"name":"GhostBar","decl":{"start":{"line":9,"column":9},"end":{"line":9,"column":18}},"loc":{"start":{"line":9,"column":92},"end":{"line":21,"column":null}},"line":9},"1":{"name":"LoginPrompt","decl":{"start":{"line":23,"column":16},"end":{"line":23,"column":28}},"loc":{"start":{"line":23,"column":49},"end":{"line":70,"column":null}},"line":23},"2":{"name":"(anonymous_2)","decl":{"start":{"line":26,"column":22},"end":{"line":26,"column":28}},"loc":{"start":{"line":26,"column":28},"end":{"line":31,"column":null}},"line":26},"3":{"name":"(anonymous_3)","decl":{"start":{"line":29,"column":64},"end":{"line":29,"column":70}},"loc":{"start":{"line":29,"column":70},"end":{"line":29,"column":89}},"line":29},"4":{"name":"(anonymous_4)","decl":{"start":{"line":38,"column":65},"end":{"line":38,"column":66}},"loc":{"start":{"line":39,"column":12},"end":{"line":42,"column":null}},"line":39}},"branchMap":{"0":{"loc":{"start":{"line":27,"column":4},"end":{"line":30,"column":null}},"type":"if","locations":[{"start":{"line":27,"column":4},"end":{"line":30,"column":null}},{"start":{},"end":{}}],"line":27},"1":{"loc":{"start":{"line":27,"column":8},"end":{"line":27,"column":45}},"type":"binary-expr","locations":[{"start":{"line":27,"column":8},"end":{"line":27,"column":33}},{"start":{"line":27,"column":33},"end":{"line":27,"column":45}}],"line":27},"2":{"loc":{"start":{"line":33,"column":2},"end":{"line":48,"column":null}},"type":"if","locations":[{"start":{"line":33,"column":2},"end":{"line":48,"column":null}},{"start":{},"end":{}}],"line":33},"3":{"loc":{"start":{"line":61,"column":32},"end":{"line":61,"column":71}},"type":"cond-expr","locations":[{"start":{"line":61,"column":44},"end":{"line":61,"column":69}},{"start":{"line":61,"column":69},"end":{"line":61,"column":71}}],"line":61},"4":{"loc":{"start":{"line":66,"column":9},"end":{"line":66,"column":null}},"type":"cond-expr","locations":[{"start":{"line":66,"column":21},"end":{"line":66,"column":34}},{"start":{"line":66,"column":34},"end":{"line":66,"column":null}}],"line":66}},"s":{"0":20,"1":11,"2":11,"3":3,"4":3,"5":3,"6":3,"7":11,"8":1,"9":4,"10":10},"f":{"0":20,"1":11,"2":3,"3":3,"4":4},"b":{"0":[3,0],"1":[3,3],"2":[1,10],"3":[3,7],"4":[3,7]},"meta":{"lastBranch":5,"lastFunction":5,"lastStatement":11,"seen":{"f:9:9:9:18":0,"s:10:2:19:Infinity":0,"f:23:16:23:28":1,"s:24:32:24:Infinity":1,"s:26:22:31:Infinity":2,"f:26:22:26:28":2,"b:27:4:30:Infinity:undefined:undefined:undefined:undefined":0,"s:27:4:30:Infinity":3,"b:27:8:27:33:27:33:27:45":1,"s:28:6:28:Infinity":4,"s:29:6:29:Infinity":5,"f:29:64:29:70":3,"s:29:70:29:89":6,"b:33:2:48:Infinity:undefined:undefined:undefined:undefined":2,"s:33:2:48:Infinity":7,"s:34:4:46:Infinity":8,"f:38:65:38:66":4,"s:39:12:42:Infinity":9,"s:50:2:68:Infinity":10,"b:61:44:61:69:61:69:61:71":3,"b:66:21:66:34:66:34:66:Infinity":4}}}
,"/Users/darshanaswathappa/Desktop/usage-monitor/tokensense/src/components/UsageBar.tsx": {"path":"/Users/darshanaswathappa/Desktop/usage-monitor/tokensense/src/components/UsageBar.tsx","statementMap":{"0":{"start":{"line":11,"column":2},"end":{"line":11,"column":null}},"1":{"start":{"line":11,"column":15},"end":{"line":11,"column":null}},"2":{"start":{"line":12,"column":2},"end":{"line":12,"column":null}},"3":{"start":{"line":12,"column":15},"end":{"line":12,"column":null}},"4":{"start":{"line":13,"column":2},"end":{"line":13,"column":null}},"5":{"start":{"line":16,"column":13},"end":{"line":121,"column":null}},"6":{"start":{"line":17,"column":18},"end":{"line":17,"column":null}},"7":{"start":{"line":19,"column":8},"end":{"line":19,"column":null}},"8":{"start":{"line":20,"column":8},"end":{"line":20,"column":null}},"9":{"start":{"line":22,"column":8},"end":{"line":22,"column":null}},"10":{"start":{"line":23,"column":8},"end":{"line":23,"column":null}},"11":{"start":{"line":24,"column":34},"end":{"line":24,"column":null}},"12":{"start":{"line":27,"column":2},"end":{"line":29,"column":null}},"13":{"start":{"line":28,"column":4},"end":{"line":28,"column":null}},"14":{"start":{"line":31,"column":2},"end":{"line":100,"column":null}},"15":{"start":{"line":32,"column":16},"end":{"line":32,"column":null}},"16":{"start":{"line":33,"column":17},"end":{"line":33,"column":null}},"17":{"start":{"line":34,"column":4},"end":{"line":34,"column":null}},"18":{"start":{"line":34,"column":23},"end":{"line":34,"column":null}},"19":{"start":{"line":37,"column":4},"end":{"line":37,"column":null}},"20":{"start":{"line":41,"column":6},"end":{"line":42,"column":null}},"21":{"start":{"line":44,"column":4},"end":{"line":50,"column":null}},"22":{"start":{"line":45,"column":6},"end":{"line":45,"column":null}},"23":{"start":{"line":46,"column":6},"end":{"line":46,"column":null}},"24":{"start":{"line":47,"column":6},"end":{"line":47,"column":null}},"25":{"start":{"line":48,"column":6},"end":{"line":48,"column":null}},"26":{"start":{"line":49,"column":6},"end":{"line":49,"column":null}},"27":{"start":{"line":52,"column":4},"end":{"line":52,"column":null}},"28":{"start":{"line":54,"column":15},"end":{"line":54,"column":null}},"29":{"start":{"line":55,"column":23},"end":{"line":55,"column":null}},"30":{"start":{"line":57,"column":18},"end":{"line":57,"column":null}},"31":{"start":{"line":58,"column":4},"end":{"line":58,"column":null}},"32":{"start":{"line":60,"column":19},"end":{"line":60,"column":null}},"33":{"start":{"line":63,"column":17},"end":{"line":85,"column":null}},"34":{"start":{"line":64,"column":6},"end":{"line":64,"column":null}},"35":{"start":{"line":64,"column":26},"end":{"line":64,"column":null}},"36":{"start":{"line":65,"column":17},"end":{"line":65,"column":null}},"37":{"start":{"line":66,"column":6},"end":{"line":66,"column":null}},"38":{"start":{"line":69,"column":18},"end":{"line":69,"column":null}},"39":{"start":{"line":70,"column":6},"end":{"line":70,"column":null}},"40":{"start":{"line":71,"column":6},"end":{"line":71,"column":null}},"41":{"start":{"line":73,"column":16},"end":{"line":73,"column":null}},"42":{"start":{"line":74,"column":6},"end":{"line":74,"column":null}},"43":{"start":{"line":75,"column":6},"end":{"line":75,"column":null}},"44":{"start":{"line":77,"column":22},"end":{"line":77,"column":null}},"45":{"start":{"line":78,"column":6},"end":{"line":84,"column":null}},"46":{"start":{"line":79,"column":8},"end":{"line":79,"column":null}},"47":{"start":{"line":81,"column":8},"end":{"line":81,"column":null}},"48":{"start":{"line":82,"column":8},"end":{"line":82,"column":null}},"49":{"start":{"line":83,"column":8},"end":{"line":83,"column":null}},"50":{"start":{"line":87,"column":4},"end":{"line":93,"column":null}},"51":{"start":{"line":88,"column":6},"end":{"line":90,"column":null}},"52":{"start":{"line":89,"column":8},"end":{"line":89,"column":null}},"53":{"start":{"line":92,"column":6},"end":{"line":92,"column":null}},"54":{"start":{"line":95,"column":4},"end":{"line":99,"column":null}},"55":{"start":{"line":96,"column":6},"end":{"line":96,"column":null}},"56":{"start":{"line":97,"column":6},"end":{"line":97,"column":null}},"57":{"start":{"line":102,"column":2},"end":{"line":119,"column":null}}},"fnMap":{"0":{"name":"resolvedBarColor","decl":{"start":{"line":10,"column":9},"end":{"line":10,"column":26}},"loc":{"start":{"line":10,"column":45},"end":{"line":14,"column":null}},"line":10},"1":{"name":"UsageBar2","decl":{"start":{"line":16,"column":38},"end":{"line":16,"column":47}},"loc":{"start":{"line":16,"column":102},"end":{"line":121,"column":1}},"line":16},"2":{"name":"(anonymous_2)","decl":{"start":{"line":27,"column":18},"end":{"line":27,"column":24}},"loc":{"start":{"line":27,"column":24},"end":{"line":29,"column":5}},"line":27},"3":{"name":"(anonymous_3)","decl":{"start":{"line":31,"column":12},"end":{"line":31,"column":18}},"loc":{"start":{"line":31,"column":18},"end":{"line":100,"column":5}},"line":31},"4":{"name":"(anonymous_4)","decl":{"start":{"line":63,"column":17},"end":{"line":63,"column":18}},"loc":{"start":{"line":63,"column":34},"end":{"line":85,"column":null}},"line":63},"5":{"name":"(anonymous_5)","decl":{"start":{"line":88,"column":29},"end":{"line":88,"column":35}},"loc":{"start":{"line":88,"column":35},"end":{"line":90,"column":9}},"line":88},"6":{"name":"(anonymous_6)","decl":{"start":{"line":95,"column":11},"end":{"line":95,"column":17}},"loc":{"start":{"line":95,"column":17},"end":{"line":99,"column":null}},"line":95}},"branchMap":{"0":{"loc":{"start":{"line":11,"column":2},"end":{"line":11,"column":null}},"type":"if","locations":[{"start":{"line":11,"column":2},"end":{"line":11,"column":null}},{"start":{},"end":{}}],"line":11},"1":{"loc":{"start":{"line":12,"column":2},"end":{"line":12,"column":null}},"type":"if","locations":[{"start":{"line":12,"column":2},"end":{"line":12,"column":null}},{"start":{},"end":{}}],"line":12},"2":{"loc":{"start":{"line":16,"column":74},"end":{"line":16,"column":84}},"type":"default-arg","locations":[{"start":{"line":16,"column":82},"end":{"line":16,"column":84}}],"line":16},"3":{"loc":{"start":{"line":34,"column":4},"end":{"line":34,"column":null}},"type":"if","locations":[{"start":{"line":34,"column":4},"end":{"line":34,"column":null}},{"start":{},"end":{}}],"line":34},"4":{"loc":{"start":{"line":34,"column":8},"end":{"line":34,"column":23}},"type":"binary-expr","locations":[{"start":{"line":34,"column":8},"end":{"line":34,"column":16}},{"start":{"line":34,"column":16},"end":{"line":34,"column":23}}],"line":34},"5":{"loc":{"start":{"line":41,"column":6},"end":{"line":42,"column":null}},"type":"binary-expr","locations":[{"start":{"line":41,"column":6},"end":{"line":41,"column":null}},{"start":{"line":42,"column":6},"end":{"line":42,"column":null}}],"line":41},"6":{"loc":{"start":{"line":44,"column":4},"end":{"line":50,"column":null}},"type":"if","locations":[{"start":{"line":44,"column":4},"end":{"line":50,"column":null}},{"start":{},"end":{}}],"line":44},"7":{"loc":{"start":{"line":57,"column":18},"end":{"line":57,"column":null}},"type":"cond-expr","locations":[{"start":{"line":57,"column":40},"end":{"line":57,"column":59}},{"start":{"line":57,"column":59},"end":{"line":57,"column":null}}],"line":57},"8":{"loc":{"start":{"line":64,"column":6},"end":{"line":64,"column":null}},"type":"if","locations":[{"start":{"line":64,"column":6},"end":{"line":64,"column":null}},{"start":{},"end":{}}],"line":64},"9":{"loc":{"start":{"line":77,"column":22},"end":{"line":77,"column":null}},"type":"binary-expr","locations":[{"start":{"line":77,"column":22},"end":{"line":77,"column":51}},{"start":{"line":77,"column":51},"end":{"line":77,"column":null}}],"line":77},"10":{"loc":{"start":{"line":78,"column":6},"end":{"line":84,"column":null}},"type":"if","locations":[{"start":{"line":78,"column":6},"end":{"line":84,"column":null}},{"start":{"line":80,"column":13},"end":{"line":84,"column":null}}],"line":78},"11":{"loc":{"start":{"line":87,"column":4},"end":{"line":93,"column":null}},"type":"if","locations":[{"start":{"line":87,"column":4},"end":{"line":93,"column":null}},{"start":{"line":91,"column":11},"end":{"line":93,"column":null}}],"line":87},"12":{"loc":{"start":{"line":118,"column":7},"end":{"line":118,"column":null}},"type":"binary-expr","locations":[{"start":{"line":118,"column":7},"end":{"line":118,"column":27}},{"start":{"line":118,"column":27},"end":{"line":118,"column":null}}],"line":118}},"s":{"0":99,"1":10,"2":89,"3":89,"4":62,"5":3,"6":91,"7":91,"8":91,"9":91,"10":91,"11":91,"12":91,"13":49,"14":91,"15":50,"16":50,"17":50,"18":0,"19":50,"20":50,"21":50,"22":44,"23":44,"24":44,"25":44,"26":44,"27":6,"28":6,"29":6,"30":6,"31":50,"32":50,"33":50,"34":137,"35":3,"36":137,"37":137,"38":137,"39":137,"40":137,"41":137,"42":137,"43":137,"44":137,"45":137,"46":134,"47":3,"48":3,"49":3,"50":50,"51":5,"52":2,"53":1,"54":6,"55":6,"56":6,"57":91},"f":{"0":99,"1":91,"2":49,"3":50,"4":137,"5":2,"6":6},"b":{"0":[10,89],"1":[27,62],"2":[91],"3":[0,50],"4":[50,50],"5":[50,6],"6":[44,6],"7":[5,1],"8":[3,134],"9":[137,34],"10":[134,3],"11":[5,1],"12":[91,38]},"meta":{"lastBranch":13,"lastFunction":7,"lastStatement":58,"seen":{"f:10:9:10:26":0,"b:11:2:11:Infinity:undefined:undefined:undefined:undefined":0,"s:11:2:11:Infinity":0,"s:11:15:11:Infinity":1,"b:12:2:12:Infinity:undefined:undefined:undefined:undefined":1,"s:12:2:12:Infinity":2,"s:12:15:12:Infinity":3,"s:13:2:13:Infinity":4,"s:16:13:121:Infinity":5,"f:16:38:16:47":1,"b:16:82:16:84":2,"s:17:18:17:Infinity":6,"s:19:8:19:Infinity":7,"s:20:8:20:Infinity":8,"s:22:8:22:Infinity":9,"s:23:8:23:Infinity":10,"s:24:34:24:Infinity":11,"s:27:2:29:Infinity":12,"f:27:18:27:24":2,"s:28:4:28:Infinity":13,"s:31:2:100:Infinity":14,"f:31:12:31:18":3,"s:32:16:32:Infinity":15,"s:33:17:33:Infinity":16,"b:34:4:34:Infinity:undefined:undefined:undefined:undefined":3,"s:34:4:34:Infinity":17,"b:34:8:34:16:34:16:34:23":4,"s:34:23:34:Infinity":18,"s:37:4:37:Infinity":19,"s:41:6:42:Infinity":20,"b:41:6:41:Infinity:42:6:42:Infinity":5,"b:44:4:50:Infinity:undefined:undefined:undefined:undefined":6,"s:44:4:50:Infinity":21,"s:45:6:45:Infinity":22,"s:46:6:46:Infinity":23,"s:47:6:47:Infinity":24,"s:48:6:48:Infinity":25,"s:49:6:49:Infinity":26,"s:52:4:52:Infinity":27,"s:54:15:54:Infinity":28,"s:55:23:55:Infinity":29,"s:57:18:57:Infinity":30,"b:57:40:57:59:57:59:57:Infinity":7,"s:58:4:58:Infinity":31,"s:60:19:60:Infinity":32,"s:63:17:85:Infinity":33,"f:63:17:63:18":4,"b:64:6:64:Infinity:undefined:undefined:undefined:undefined":8,"s:64:6:64:Infinity":34,"s:64:26:64:Infinity":35,"s:65:17:65:Infinity":36,"s:66:6:66:Infinity":37,"s:69:18:69:Infinity":38,"s:70:6:70:Infinity":39,"s:71:6:71:Infinity":40,"s:73:16:73:Infinity":41,"s:74:6:74:Infinity":42,"s:75:6:75:Infinity":43,"s:77:22:77:Infinity":44,"b:77:22:77:51:77:51:77:Infinity":9,"b:78:6:84:Infinity:80:13:84:Infinity":10,"s:78:6:84:Infinity":45,"s:79:8:79:Infinity":46,"s:81:8:81:Infinity":47,"s:82:8:82:Infinity":48,"s:83:8:83:Infinity":49,"b:87:4:93:Infinity:91:11:93:Infinity":11,"s:87:4:93:Infinity":50,"s:88:6:90:Infinity":51,"f:88:29:88:35":5,"s:89:8:89:Infinity":52,"s:92:6:92:Infinity":53,"s:95:4:99:Infinity":54,"f:95:11:95:17":6,"s:96:6:96:Infinity":55,"s:97:6:97:Infinity":56,"s:102:2:119:Infinity":57,"b:118:7:118:27:118:27:118:Infinity":12}}}
,"/Users/darshanaswathappa/Desktop/usage-monitor/tokensense/src/components/UsagePanel.tsx": {"path":"/Users/darshanaswathappa/Desktop/usage-monitor/tokensense/src/components/UsagePanel.tsx","statementMap":{"0":{"start":{"line":12,"column":2},"end":{"line":12,"column":null}},"1":{"start":{"line":16,"column":12},"end":{"line":16,"column":null}},"2":{"start":{"line":17,"column":2},"end":{"line":17,"column":null}},"3":{"start":{"line":21,"column":12},"end":{"line":21,"column":null}},"4":{"start":{"line":22,"column":2},"end":{"line":22,"column":null}},"5":{"start":{"line":22,"column":23},"end":{"line":22,"column":null}},"6":{"start":{"line":23,"column":13},"end":{"line":23,"column":null}},"7":{"start":{"line":24,"column":2},"end":{"line":24,"column":null}},"8":{"start":{"line":24,"column":15},"end":{"line":24,"column":null}},"9":{"start":{"line":25,"column":12},"end":{"line":25,"column":null}},"10":{"start":{"line":26,"column":2},"end":{"line":26,"column":null}},"11":{"start":{"line":26,"column":14},"end":{"line":26,"column":null}},"12":{"start":{"line":27,"column":12},"end":{"line":27,"column":null}},"13":{"start":{"line":28,"column":2},"end":{"line":28,"column":null}},"14":{"start":{"line":28,"column":14},"end":{"line":28,"column":null}},"15":{"start":{"line":29,"column":2},"end":{"line":29,"column":null}},"16":{"start":{"line":32,"column":13},"end":{"line":80,"column":null}},"17":{"start":{"line":33,"column":8},"end":{"line":33,"column":null}},"18":{"start":{"line":33,"column":33},"end":{"line":33,"column":61}},"19":{"start":{"line":35,"column":2},"end":{"line":78,"column":null}},"20":{"start":{"line":38,"column":8},"end":{"line":70,"column":null}}},"fnMap":{"0":{"name":"pct","decl":{"start":{"line":11,"column":9},"end":{"line":11,"column":13}},"loc":{"start":{"line":11,"column":50},"end":{"line":13,"column":null}},"line":11},"1":{"name":"orgLabel","decl":{"start":{"line":15,"column":9},"end":{"line":15,"column":18}},"loc":{"start":{"line":15,"column":40},"end":{"line":18,"column":null}},"line":15},"2":{"name":"relativeReset","decl":{"start":{"line":20,"column":9},"end":{"line":20,"column":23}},"loc":{"start":{"line":20,"column":51},"end":{"line":30,"column":null}},"line":20},"3":{"name":"UsagePanel2","decl":{"start":{"line":32,"column":40},"end":{"line":32,"column":51}},"loc":{"start":{"line":32,"column":68},"end":{"line":80,"column":1}},"line":32},"4":{"name":"(anonymous_4)","decl":{"start":{"line":33,"column":33},"end":{"line":33,"column":39}},"loc":{"start":{"line":33,"column":33},"end":{"line":33,"column":61}},"line":33},"5":{"name":"(anonymous_5)","decl":{"start":{"line":37,"column":16},"end":{"line":37,"column":17}},"loc":{"start":{"line":38,"column":8},"end":{"line":70,"column":null}},"line":38}},"branchMap":{"0":{"loc":{"start":{"line":12,"column":9},"end":{"line":12,"column":null}},"type":"cond-expr","locations":[{"start":{"line":12,"column":23},"end":{"line":12,"column":27}},{"start":{"line":12,"column":27},"end":{"line":12,"column":null}}],"line":12},"1":{"loc":{"start":{"line":17,"column":9},"end":{"line":17,"column":null}},"type":"cond-expr","locations":[{"start":{"line":17,"column":13},"end":{"line":17,"column":26}},{"start":{"line":17,"column":26},"end":{"line":17,"column":null}}],"line":17},"2":{"loc":{"start":{"line":22,"column":2},"end":{"line":22,"column":null}},"type":"if","locations":[{"start":{"line":22,"column":2},"end":{"line":22,"column":null}},{"start":{},"end":{}}],"line":22},"3":{"loc":{"start":{"line":24,"column":2},"end":{"line":24,"column":null}},"type":"if","locations":[{"start":{"line":24,"column":2},"end":{"line":24,"column":null}},{"start":{},"end":{}}],"line":24},"4":{"loc":{"start":{"line":26,"column":2},"end":{"line":26,"column":null}},"type":"if","locations":[{"start":{"line":26,"column":2},"end":{"line":26,"column":null}},{"start":{},"end":{}}],"line":26},"5":{"loc":{"start":{"line":28,"column":2},"end":{"line":28,"column":null}},"type":"if","locations":[{"start":{"line":28,"column":2},"end":{"line":28,"column":null}},{"start":{},"end":{}}],"line":28},"6":{"loc":{"start":{"line":45,"column":11},"end":{"line":69,"column":null}},"type":"cond-expr","locations":[{"start":{"line":46,"column":12},"end":{"line":46,"column":null}},{"start":{"line":47,"column":14},"end":{"line":69,"column":null}}],"line":45},"7":{"loc":{"start":{"line":47,"column":14},"end":{"line":69,"column":null}},"type":"cond-expr","locations":[{"start":{"line":48,"column":12},"end":{"line":68,"column":null}},{"start":{"line":69,"column":14},"end":{"line":69,"column":null}}],"line":47},"8":{"loc":{"start":{"line":49,"column":15},"end":{"line":50,"column":null}},"type":"binary-expr","locations":[{"start":{"line":49,"column":15},"end":{"line":49,"column":null}},{"start":{"line":50,"column":16},"end":{"line":50,"column":null}}],"line":49},"9":{"loc":{"start":{"line":52,"column":15},"end":{"line":58,"column":null}},"type":"binary-expr","locations":[{"start":{"line":52,"column":15},"end":{"line":52,"column":null}},{"start":{"line":53,"column":16},"end":{"line":58,"column":null}}],"line":52},"10":{"loc":{"start":{"line":56,"column":27},"end":{"line":56,"column":null}},"type":"cond-expr","locations":[{"start":{"line":56,"column":56},"end":{"line":56,"column":100}},{"start":{"line":56,"column":100},"end":{"line":56,"column":null}}],"line":56},"11":{"loc":{"start":{"line":60,"column":15},"end":{"line":66,"column":null}},"type":"binary-expr","locations":[{"start":{"line":60,"column":15},"end":{"line":60,"column":null}},{"start":{"line":61,"column":16},"end":{"line":66,"column":null}}],"line":60},"12":{"loc":{"start":{"line":64,"column":27},"end":{"line":64,"column":null}},"type":"cond-expr","locations":[{"start":{"line":64,"column":55},"end":{"line":64,"column":98}},{"start":{"line":64,"column":98},"end":{"line":64,"column":null}}],"line":64}},"s":{"0":26,"1":15,"2":15,"3":18,"4":18,"5":0,"6":18,"7":18,"8":0,"9":18,"10":18,"11":0,"12":18,"13":18,"14":9,"15":9,"16":1,"17":13,"18":1,"19":13,"20":15},"f":{"0":26,"1":15,"2":18,"3":13,"4":1,"5":15},"b":{"0":[0,26],"1":[0,15],"2":[0,18],"3":[0,18],"4":[0,18],"5":[9,9],"6":[1,14],"7":[14,0],"8":[14,0],"9":[14,13],"10":[9,4],"11":[14,13],"12":[9,4]},"meta":{"lastBranch":13,"lastFunction":6,"lastStatement":21,"seen":{"f:11:9:11:13":0,"s:12:2:12:Infinity":0,"b:12:23:12:27:12:27:12:Infinity":0,"f:15:9:15:18":1,"s:16:12:16:Infinity":1,"s:17:2:17:Infinity":2,"b:17:13:17:26:17:26:17:Infinity":1,"f:20:9:20:23":2,"s:21:12:21:Infinity":3,"b:22:2:22:Infinity:undefined:undefined:undefined:undefined":2,"s:22:2:22:Infinity":4,"s:22:23:22:Infinity":5,"s:23:13:23:Infinity":6,"b:24:2:24:Infinity:undefined:undefined:undefined:undefined":3,"s:24:2:24:Infinity":7,"s:24:15:24:Infinity":8,"s:25:12:25:Infinity":9,"b:26:2:26:Infinity:undefined:undefined:undefined:undefined":4,"s:26:2:26:Infinity":10,"s:26:14:26:Infinity":11,"s:27:12:27:Infinity":12,"b:28:2:28:Infinity:undefined:undefined:undefined:undefined":5,"s:28:2:28:Infinity":13,"s:28:14:28:Infinity":14,"s:29:2:29:Infinity":15,"s:32:13:80:Infinity":16,"f:32:40:32:51":3,"s:33:8:33:Infinity":17,"f:33:33:33:39":4,"s:33:33:33:61":18,"s:35:2:78:Infinity":19,"f:37:16:37:17":5,"s:38:8:70:Infinity":20,"b:46:12:46:Infinity:47:14:69:Infinity":6,"b:48:12:68:Infinity:69:14:69:Infinity":7,"b:49:15:49:Infinity:50:16:50:Infinity":8,"b:52:15:52:Infinity:53:16:58:Infinity":9,"b:56:56:56:100:56:100:56:Infinity":10,"b:60:15:60:Infinity:61:16:66:Infinity":11,"b:64:55:64:98:64:98:64:Infinity":12}}}
}
